<?xml version="1.0" encoding="UTF-8"?>
<!-- Generated by org.testng.reporters.JUnitXMLReporter -->
<testsuite ignored="1" hostname="DESKTOP-K253P9F" failures="0" tests="6" name="ParaBank" time="29.874" errors="0" timestamp="2023-10-11T18:33:09 NPT">
  <testcase classname="testScenarios.testcases" name="allemptyregister" time="3.231"/>
  <testcase classname="testScenarios.testcases" name="someemptyregister" time="1.81"/>
  <testcase classname="testScenarios.testcases" name="login" time="2.304"/>
  <testcase classname="testScenarios.testcases" name="opennewAccount" time="2.059"/>
  <testcase classname="testScenarios.testcases" name="transferFunds" time="5.464"/>
  <testcase classname="testScenarios.testcases" name="accountOverviews" time="1.568"/>
  <testcase classname="testScenarios.testcases" name="registervalid" time="0.0">
    <ignored/>
  </testcase> <!-- registervalid -->
</testsuite> <!-- ParaBank -->
