<?xml version="1.0" encoding="UTF-8"?>
<testng-results ignored="0" total="6" passed="6" failed="0" skipped="0">
  <reporter-output>
  </reporter-output>
  <suite started-at="2023-10-11T18:32:39 NPT" name="Default Suite" finished-at="2023-10-11T18:33:09 NPT" duration-ms="29874">
    <groups>
    </groups>
    <test started-at="2023-10-11T18:32:39 NPT" name="ParaBank" finished-at="2023-10-11T18:33:09 NPT" duration-ms="29874">
      <class name="testScenarios.testcases">
        <test-method is-config="true" signature="setup()[pri:0, instance:testScenarios.testcases@76f856a8]" started-at="2023-10-11T18:32:39 NPT" name="setup" finished-at="2023-10-11T18:32:51 NPT" duration-ms="11716" status="PASS">
          <reporter-output>
          </reporter-output>
        </test-method> <!-- setup -->
        <test-method signature="allemptyregister()[pri:1, instance:testScenarios.testcases@76f856a8]" started-at="2023-10-11T18:32:51 NPT" name="allemptyregister" finished-at="2023-10-11T18:32:54 NPT" duration-ms="3231" status="PASS">
          <reporter-output>
          </reporter-output>
        </test-method> <!-- allemptyregister -->
        <test-method signature="someemptyregister()[pri:2, instance:testScenarios.testcases@76f856a8]" started-at="2023-10-11T18:32:54 NPT" name="someemptyregister" finished-at="2023-10-11T18:32:56 NPT" duration-ms="1810" status="PASS">
          <reporter-output>
          </reporter-output>
        </test-method> <!-- someemptyregister -->
        <test-method signature="login()[pri:4, instance:testScenarios.testcases@76f856a8]" started-at="2023-10-11T18:32:56 NPT" name="login" finished-at="2023-10-11T18:32:58 NPT" duration-ms="2304" status="PASS">
          <reporter-output>
          </reporter-output>
        </test-method> <!-- login -->
        <test-method signature="opennewAccount()[pri:5, instance:testScenarios.testcases@76f856a8]" started-at="2023-10-11T18:32:58 NPT" name="opennewAccount" finished-at="2023-10-11T18:33:01 NPT" duration-ms="2059" status="PASS">
          <reporter-output>
          </reporter-output>
        </test-method> <!-- opennewAccount -->
        <test-method signature="transferFunds()[pri:6, instance:testScenarios.testcases@76f856a8]" started-at="2023-10-11T18:33:01 NPT" name="transferFunds" finished-at="2023-10-11T18:33:06 NPT" duration-ms="5464" status="PASS">
          <reporter-output>
          </reporter-output>
        </test-method> <!-- transferFunds -->
        <test-method signature="accountOverviews()[pri:7, instance:testScenarios.testcases@76f856a8]" started-at="2023-10-11T18:33:06 NPT" name="accountOverviews" finished-at="2023-10-11T18:33:08 NPT" duration-ms="1568" status="PASS">
          <reporter-output>
          </reporter-output>
        </test-method> <!-- accountOverviews -->
        <test-method is-config="true" signature="teardown()[pri:0, instance:testScenarios.testcases@76f856a8]" started-at="2023-10-11T18:33:08 NPT" name="teardown" finished-at="2023-10-11T18:33:09 NPT" duration-ms="1658" status="PASS">
          <reporter-output>
          </reporter-output>
        </test-method> <!-- teardown -->
      </class> <!-- testScenarios.testcases -->
    </test> <!-- ParaBank -->
  </suite> <!-- Default Suite -->
</testng-results>
